Determining if the pthread_create exist failed with the following output:
Change Dir: /home/nicolas/MEGA/workspace/FCRN-DepthPrediction/ros_catkin_ws/build/CMakeFiles/CMakeTmp

Run Build Command:"/usr/bin/make" "cmTC_58437/fast"
/usr/bin/make -f CMakeFiles/cmTC_58437.dir/build.make CMakeFiles/cmTC_58437.dir/build
make[1]: Entering directory '/home/nicolas/MEGA/workspace/FCRN-DepthPrediction/ros_catkin_ws/build/CMakeFiles/CMakeTmp'
Building C object CMakeFiles/cmTC_58437.dir/CheckSymbolExists.c.o
/usr/bin/cc    -o CMakeFiles/cmTC_58437.dir/CheckSymbolExists.c.o   -c /home/nicolas/MEGA/workspace/FCRN-DepthPrediction/ros_catkin_ws/build/CMakeFiles/CMakeTmp/CheckSymbolExists.c
Linking C executable cmTC_58437
/usr/bin/cmake -E cmake_link_script CMakeFiles/cmTC_58437.dir/link.txt --verbose=1
/usr/bin/cc      -rdynamic CMakeFiles/cmTC_58437.dir/CheckSymbolExists.c.o  -o cmTC_58437 
CMakeFiles/cmTC_58437.dir/CheckSymbolExists.c.o: In function `main':
CheckSymbolExists.c:(.text+0x1b): undefined reference to `pthread_create'
collect2: error: ld returned 1 exit status
CMakeFiles/cmTC_58437.dir/build.make:97: recipe for target 'cmTC_58437' failed
make[1]: *** [cmTC_58437] Error 1
make[1]: Leaving directory '/home/nicolas/MEGA/workspace/FCRN-DepthPrediction/ros_catkin_ws/build/CMakeFiles/CMakeTmp'
Makefile:126: recipe for target 'cmTC_58437/fast' failed
make: *** [cmTC_58437/fast] Error 2

File /home/nicolas/MEGA/workspace/FCRN-DepthPrediction/ros_catkin_ws/build/CMakeFiles/CMakeTmp/CheckSymbolExists.c:
/* */
#include <pthread.h>

int main(int argc, char** argv)
{
  (void)argv;
#ifndef pthread_create
  return ((int*)(&pthread_create))[argc];
#else
  (void)argc;
  return 0;
#endif
}

Determining if the function pthread_create exists in the pthreads failed with the following output:
Change Dir: /home/nicolas/MEGA/workspace/FCRN-DepthPrediction/ros_catkin_ws/build/CMakeFiles/CMakeTmp

Run Build Command:"/usr/bin/make" "cmTC_b2aaa/fast"
/usr/bin/make -f CMakeFiles/cmTC_b2aaa.dir/build.make CMakeFiles/cmTC_b2aaa.dir/build
make[1]: Entering directory '/home/nicolas/MEGA/workspace/FCRN-DepthPrediction/ros_catkin_ws/build/CMakeFiles/CMakeTmp'
Building C object CMakeFiles/cmTC_b2aaa.dir/CheckFunctionExists.c.o
/usr/bin/cc   -DCHECK_FUNCTION_EXISTS=pthread_create   -o CMakeFiles/cmTC_b2aaa.dir/CheckFunctionExists.c.o   -c /usr/share/cmake-3.10/Modules/CheckFunctionExists.c
Linking C executable cmTC_b2aaa
/usr/bin/cmake -E cmake_link_script CMakeFiles/cmTC_b2aaa.dir/link.txt --verbose=1
/usr/bin/cc  -DCHECK_FUNCTION_EXISTS=pthread_create    -rdynamic CMakeFiles/cmTC_b2aaa.dir/CheckFunctionExists.c.o  -o cmTC_b2aaa -lpthreads 
/usr/bin/ld: cannot find -lpthreads
collect2: error: ld returned 1 exit status
CMakeFiles/cmTC_b2aaa.dir/build.make:97: recipe for target 'cmTC_b2aaa' failed
make[1]: *** [cmTC_b2aaa] Error 1
make[1]: Leaving directory '/home/nicolas/MEGA/workspace/FCRN-DepthPrediction/ros_catkin_ws/build/CMakeFiles/CMakeTmp'
Makefile:126: recipe for target 'cmTC_b2aaa/fast' failed
make: *** [cmTC_b2aaa/fast] Error 2


